<?xml version="1.0" encoding="UTF-8"?>
<!-- Generated by org.testng.reporters.JUnitReportReporter -->
<testsuite hostname="Sophias-MacBook-Pro.local" failures="0" tests="1" name="amazonTest.AmazonTest1" time="0.038" errors="0" timestamp="10 Oct. 2018 00:55:30 GMT" skipped="0">
  <testcase classname="amazonTest.AmazonTest1" name="verifySignInButton" time="0.038"/>
</testsuite> <!-- amazonTest.AmazonTest1 -->
